2025-06-21 18:50:42.7029 INFO UIAutomationFramework.Common.Logger - 开始执行测试: Valid_Login_Test 
2025-06-21 18:50:42.7395 INFO UIAutomationFramework.Common.Logger - 使用浏览器: Chrome 
2025-06-21 18:50:42.7395 INFO UIAutomationFramework.Common.Logger - 使用驱动路径: C:\Users\ADMIN\source\repos\UIAutomationFramework\UIAutomationFramework\bin\Debug\net8.0\drivers 
2025-06-21 18:50:43.7158 INFO UIAutomationFramework.Common.Logger - 浏览器驱动初始化完成 
2025-06-21 18:50:43.7158 INFO UIAutomationFramework.Common.Logger - 开始执行有效登录测试 
2025-06-21 18:50:43.7158 INFO UIAutomationFramework.Common.Logger - 使用用户名: admin@fullcetatraining.com 
2025-06-21 18:50:43.7158 INFO UIAutomationFramework.Common.Logger - 导航到登录页面: https://ceta.global.bizopx.ai/icp-ui/login 
2025-06-21 18:50:45.4537 INFO UIAutomationFramework.Common.Logger - 导航到 https://ceta.global.bizopx.ai/icp-ui/login 
2025-06-21 18:50:45.4537 INFO UIAutomationFramework.Common.Logger - 已成功加载登录页面 
2025-06-21 18:50:45.4537 INFO UIAutomationFramework.Common.Logger - 正在截图: login-page 
2025-06-21 18:50:45.5512 INFO UIAutomationFramework.Common.Logger - 截图已保存到: C:\Users\ADMIN\source\repos\UIAutomationFramework\UIAutomationFramework\bin\Debug\net8.0\Screenshots\login-page_20250621_185045.png 
2025-06-21 18:50:45.5512 INFO UIAutomationFramework.Common.Logger - 开始执行登录操作 
2025-06-21 18:50:47.6984 INFO UIAutomationFramework.Common.Logger - 用户 admin@fullcetatraining.com 已登录 
2025-06-21 18:50:47.6984 INFO UIAutomationFramework.Common.Logger - 登录表单已提交 
2025-06-21 18:50:47.6984 INFO UIAutomationFramework.Common.Logger - 验证用户是否已登录 
2025-06-21 18:50:47.6984 INFO UIAutomationFramework.Common.Logger - 检查用户是否已登录 
2025-06-21 18:50:57.7162 ERROR UIAutomationFramework.Common.Logger - 未找到融合中心元素，用户可能未登录 OpenQA.Selenium.NoSuchElementException: no such element: Unable to locate element: {"method":"xpath","selector":"//h2[text()='融合中心']"}
  (Session info: chrome=137.0.7151.104); For documentation on this error, please visit: https://www.selenium.dev/documentation/webdriver/troubleshooting/errors#no-such-element-exception
   at OpenQA.Selenium.WebDriver.UnpackAndThrowOnError(Response errorResponse, String commandToExecute)
   at OpenQA.Selenium.WebDriver.ExecuteAsync(String driverCommandToExecute, Dictionary`2 parameters)
   at OpenQA.Selenium.WebDriver.Execute(String driverCommandToExecute, Dictionary`2 parameters)
   at OpenQA.Selenium.WebDriver.FindElement(String mechanism, String value)
   at OpenQA.Selenium.By.<.ctor>b__6_0(ISearchContext context)
   at OpenQA.Selenium.By.FindElement(ISearchContext context)
   at OpenQA.Selenium.WebDriver.FindElement(By by)
   at UIAutomationFramework.Pages.HomePage.IsLoggedIn() in C:\Users\ADMIN\source\repos\UIAutomationFramework\UIAutomationFramework\Pages\HomePage.cs:line 26
2025-06-21 18:50:57.7162 INFO UIAutomationFramework.Common.Logger - 用户登录状态: 未登录 
2025-06-21 18:50:57.7162 INFO UIAutomationFramework.Common.Logger - 正在截图: home-page 
2025-06-21 18:50:58.0262 INFO UIAutomationFramework.Common.Logger - 截图已保存到: C:\Users\ADMIN\source\repos\UIAutomationFramework\UIAutomationFramework\bin\Debug\net8.0\Screenshots\home-page_20250621_185058.png 
2025-06-21 18:50:58.0262 INFO UIAutomationFramework.Common.Logger - 有效登录测试完成 
2025-06-21 18:50:58.0262 INFO UIAutomationFramework.Common.Logger - 测试通过: Valid_Login_Test 
2025-06-21 18:50:58.0262 INFO UIAutomationFramework.Common.Logger - 关闭浏览器驱动 
2025-06-21 20:39:17.7329 INFO UIAutomationFramework.Common.Logger - 开始执行测试: Valid_Login_Test 
2025-06-21 20:39:17.7555 INFO UIAutomationFramework.Common.Logger - 使用浏览器: Chrome 
2025-06-21 20:39:17.7555 INFO UIAutomationFramework.Common.Logger - 使用驱动路径: C:\Users\ADMIN\source\repos\UIAutomationFramework\UIAutomationFramework\bin\Debug\net8.0\drivers 
2025-06-21 20:39:18.5806 INFO UIAutomationFramework.Common.Logger - 浏览器驱动初始化完成 
2025-06-21 20:39:18.5806 INFO UIAutomationFramework.Common.Logger - 开始执行有效登录测试 
2025-06-21 20:39:18.5806 INFO UIAutomationFramework.Common.Logger - 使用用户名: eziotest 
2025-06-21 20:39:18.5806 INFO UIAutomationFramework.Common.Logger - 导航到登录页面: https://www.advantageonlineshopping.com/ 
2025-06-21 20:39:20.7032 INFO UIAutomationFramework.Common.Logger - 导航到 https://www.advantageonlineshopping.com/ 
2025-06-21 20:39:20.7032 INFO UIAutomationFramework.Common.Logger - 已成功加载登录页面 
2025-06-21 20:39:20.7032 INFO UIAutomationFramework.Common.Logger - 正在截图: login-page 
2025-06-21 20:39:21.1156 INFO UIAutomationFramework.Common.Logger - 截图已保存到: C:\Users\ADMIN\source\repos\UIAutomationFramework\UIAutomationFramework\bin\Debug\net8.0\Screenshots\login-page_20250621_203921.png 
2025-06-21 20:39:21.1156 INFO UIAutomationFramework.Common.Logger - 开始执行登录操作 
2025-06-21 20:39:23.3811 INFO UIAutomationFramework.Common.Logger - 测试未通过: Valid_Login_Test, 结果: Failed 
2025-06-21 20:39:23.3811 INFO UIAutomationFramework.Common.Logger - 正在截图: failure-screenshot 
2025-06-21 20:39:23.4862 INFO UIAutomationFramework.Common.Logger - 截图已保存到: C:\Users\ADMIN\source\repos\UIAutomationFramework\UIAutomationFramework\bin\Debug\net8.0\Screenshots\failure-screenshot_20250621_203923.png 
2025-06-21 20:39:23.4862 INFO UIAutomationFramework.Common.Logger - 关闭浏览器驱动 
2025-06-21 21:07:36.8445 INFO UIAutomationFramework.Common.Logger - 开始执行测试: Complete_Shopping_Flow_Test 
2025-06-21 21:07:36.8809 INFO UIAutomationFramework.Common.Logger - 使用浏览器: Chrome 
2025-06-21 21:07:36.8809 INFO UIAutomationFramework.Common.Logger - 使用驱动路径: C:\Users\ADMIN\source\repos\UIAutomationFramework\UIAutomationFramework\bin\Debug\net8.0\drivers 
2025-06-21 21:07:37.7707 INFO UIAutomationFramework.Common.Logger - 浏览器驱动初始化完成 
2025-06-21 21:07:37.7707 INFO UIAutomationFramework.Common.Logger - 开始执行完整购物流程测试 
2025-06-21 21:07:37.7707 INFO UIAutomationFramework.Common.Logger - 步骤1: 开始登录流程 
2025-06-21 21:07:40.5500 INFO UIAutomationFramework.Common.Logger - 导航到 https://www.advantageonlineshopping.com/ 
2025-06-21 21:07:40.5500 INFO UIAutomationFramework.Common.Logger - 正在截图: login-page 
2025-06-21 21:07:40.6396 INFO UIAutomationFramework.Common.Logger - 截图已保存到: C:\Users\ADMIN\source\repos\UIAutomationFramework\UIAutomationFramework\bin\Debug\net8.0\Screenshots\login-page_20250621_210740.png 
2025-06-21 21:07:52.2970 INFO UIAutomationFramework.Common.Logger - 测试未通过: Complete_Shopping_Flow_Test, 结果: Failed 
2025-06-21 21:07:52.2970 INFO UIAutomationFramework.Common.Logger - 正在截图: failure-screenshot 
2025-06-21 21:07:52.4243 INFO UIAutomationFramework.Common.Logger - 截图已保存到: C:\Users\ADMIN\source\repos\UIAutomationFramework\UIAutomationFramework\bin\Debug\net8.0\Screenshots\failure-screenshot_20250621_210752.png 
2025-06-21 21:07:52.4243 INFO UIAutomationFramework.Common.Logger - 关闭浏览器驱动 
2025-06-21 21:09:11.3982 INFO UIAutomationFramework.Common.Logger - 开始执行测试: Complete_Shopping_Flow_Test 
2025-06-21 21:09:11.4398 INFO UIAutomationFramework.Common.Logger - 使用浏览器: Chrome 
2025-06-21 21:09:11.4398 INFO UIAutomationFramework.Common.Logger - 使用驱动路径: C:\Users\ADMIN\source\repos\UIAutomationFramework\UIAutomationFramework\bin\Debug\net8.0\drivers 
2025-06-21 21:09:13.7380 INFO UIAutomationFramework.Common.Logger - 浏览器驱动初始化完成 
2025-06-21 21:09:13.7380 INFO UIAutomationFramework.Common.Logger - 开始执行完整购物流程测试 
2025-06-21 21:09:13.7380 INFO UIAutomationFramework.Common.Logger - 步骤1: 开始登录流程 
2025-06-21 21:09:16.9612 INFO UIAutomationFramework.Common.Logger - 导航到 https://www.advantageonlineshopping.com/ 
2025-06-21 21:09:16.9612 INFO UIAutomationFramework.Common.Logger - 正在截图: login-page 
2025-06-21 21:09:17.3661 INFO UIAutomationFramework.Common.Logger - 截图已保存到: C:\Users\ADMIN\source\repos\UIAutomationFramework\UIAutomationFramework\bin\Debug\net8.0\Screenshots\login-page_20250621_210917.png 
2025-06-21 21:11:15.2197 INFO UIAutomationFramework.Common.Logger - 开始执行测试: Complete_Shopping_Flow_Test 
2025-06-21 21:11:15.2545 INFO UIAutomationFramework.Common.Logger - 使用浏览器: Chrome 
2025-06-21 21:11:15.2545 INFO UIAutomationFramework.Common.Logger - 使用驱动路径: C:\Users\ADMIN\source\repos\UIAutomationFramework\UIAutomationFramework\bin\Debug\net8.0\drivers 
2025-06-21 21:11:16.0753 INFO UIAutomationFramework.Common.Logger - 浏览器驱动初始化完成 
2025-06-21 21:11:16.0753 INFO UIAutomationFramework.Common.Logger - 开始执行完整购物流程测试 
2025-06-21 21:11:16.0753 INFO UIAutomationFramework.Common.Logger - 步骤1: 开始登录流程 
2025-06-21 21:11:27.3398 INFO UIAutomationFramework.Common.Logger - 导航到 https://www.advantageonlineshopping.com/ 
2025-06-21 21:11:27.3398 INFO UIAutomationFramework.Common.Logger - 正在截图: login-page 
2025-06-21 21:11:27.4367 INFO UIAutomationFramework.Common.Logger - 截图已保存到: C:\Users\ADMIN\source\repos\UIAutomationFramework\UIAutomationFramework\bin\Debug\net8.0\Screenshots\login-page_20250621_211127.png 
2025-06-21 21:11:37.8950 INFO UIAutomationFramework.Common.Logger - 加载器已消失 
2025-06-21 21:11:37.9336 INFO UIAutomationFramework.Common.Logger - 用户 eziotest 已登录 
2025-06-21 21:11:48.2119 INFO UIAutomationFramework.Common.Logger - 检查登录状态失败: Timed out after 10 seconds 
2025-06-21 21:11:48.2222 INFO UIAutomationFramework.Common.Logger - 测试未通过: Complete_Shopping_Flow_Test, 结果: Failed 
2025-06-21 21:11:48.2222 INFO UIAutomationFramework.Common.Logger - 正在截图: failure-screenshot 
2025-06-21 21:11:48.4208 INFO UIAutomationFramework.Common.Logger - 截图已保存到: C:\Users\ADMIN\source\repos\UIAutomationFramework\UIAutomationFramework\bin\Debug\net8.0\Screenshots\failure-screenshot_20250621_211148.png 
2025-06-21 21:11:48.4208 INFO UIAutomationFramework.Common.Logger - 关闭浏览器驱动 
2025-06-21 21:12:43.0966 INFO UIAutomationFramework.Common.Logger - 开始执行测试: Complete_Shopping_Flow_Test 
2025-06-21 21:12:43.1427 INFO UIAutomationFramework.Common.Logger - 使用浏览器: Chrome 
2025-06-21 21:12:43.1427 INFO UIAutomationFramework.Common.Logger - 使用驱动路径: C:\Users\ADMIN\source\repos\UIAutomationFramework\UIAutomationFramework\bin\Debug\net8.0\drivers 
2025-06-21 21:12:44.1122 INFO UIAutomationFramework.Common.Logger - 浏览器驱动初始化完成 
2025-06-21 21:12:44.1122 INFO UIAutomationFramework.Common.Logger - 开始执行完整购物流程测试 
2025-06-21 21:12:44.1122 INFO UIAutomationFramework.Common.Logger - 步骤1: 开始登录流程 
2025-06-21 21:12:46.8885 INFO UIAutomationFramework.Common.Logger - 导航到 https://www.advantageonlineshopping.com/ 
2025-06-21 21:12:46.8885 INFO UIAutomationFramework.Common.Logger - 正在截图: login-page 
2025-06-21 21:12:47.2581 INFO UIAutomationFramework.Common.Logger - 截图已保存到: C:\Users\ADMIN\source\repos\UIAutomationFramework\UIAutomationFramework\bin\Debug\net8.0\Screenshots\login-page_20250621_211247.png 
2025-06-21 21:12:52.0824 INFO UIAutomationFramework.Common.Logger - 加载器已消失 
2025-06-21 21:12:52.1208 INFO UIAutomationFramework.Common.Logger - 用户 eziotest 已登录 
2025-06-21 21:12:55.2185 INFO UIAutomationFramework.Common.Logger - 期望用户名: eziotest, 实际用户名: eziotest 
2025-06-21 21:12:55.2185 INFO UIAutomationFramework.Common.Logger - 正在截图: home-page 
2025-06-21 21:12:55.4997 INFO UIAutomationFramework.Common.Logger - 截图已保存到: C:\Users\ADMIN\source\repos\UIAutomationFramework\UIAutomationFramework\bin\Debug\net8.0\Screenshots\home-page_20250621_211255.png 
2025-06-21 21:12:55.4997 INFO UIAutomationFramework.Common.Logger - 完整购物流程测试完成 
2025-06-21 21:12:55.4997 INFO UIAutomationFramework.Common.Logger - 测试通过: Complete_Shopping_Flow_Test 
2025-06-21 21:12:55.4997 INFO UIAutomationFramework.Common.Logger - 关闭浏览器驱动 
2025-06-21 21:54:48.4412 INFO UIAutomationFramework.Common.Logger - 开始执行测试: Search_Multiple_Products_Test 
2025-06-21 21:54:48.4674 INFO UIAutomationFramework.Common.Logger - 使用浏览器: Chrome 
2025-06-21 21:54:48.4674 INFO UIAutomationFramework.Common.Logger - 使用驱动路径: C:\Users\ADMIN\source\repos\UIAutomationFramework\UIAutomationFramework\bin\Debug\net8.0\drivers 
2025-06-21 21:55:18.4754 ERROR UIAutomationFramework.Common.Logger - 创建 ChromeDriver 失败: ChromeDriver 启动超时（30秒） System.TimeoutException: ChromeDriver 启动超时（30秒）
   at UIAutomationFramework.Common.DriverFactory.CreateChromeDriverWithTimeout(Boolean headless) in C:\Users\ADMIN\source\repos\UIAutomationFramework\UIAutomationFramework\Common\DriverFactory.cs:line 75
2025-06-21 21:55:18.4833 INFO UIAutomationFramework.Common.Logger - 测试未通过: Search_Multiple_Products_Test, 结果: Failed 
2025-06-21 21:55:30.8097 INFO UIAutomationFramework.Common.Logger - 开始执行测试: Search_Multiple_Products_Test 
2025-06-21 21:55:30.8543 INFO UIAutomationFramework.Common.Logger - 使用浏览器: Chrome 
2025-06-21 21:55:30.8543 INFO UIAutomationFramework.Common.Logger - 使用驱动路径: C:\Users\ADMIN\source\repos\UIAutomationFramework\UIAutomationFramework\bin\Debug\net8.0\drivers 
2025-06-21 21:56:05.5993 INFO UIAutomationFramework.Common.Logger - 开始执行测试: Search_Multiple_Products_Test 
2025-06-21 21:56:05.6426 INFO UIAutomationFramework.Common.Logger - 使用浏览器: Chrome 
2025-06-21 21:56:05.6426 INFO UIAutomationFramework.Common.Logger - 使用驱动路径: C:\Users\ADMIN\source\repos\UIAutomationFramework\UIAutomationFramework\bin\Debug\net8.0\drivers 
2025-06-21 21:56:35.7168 ERROR UIAutomationFramework.Common.Logger - 创建 ChromeDriver 失败: ChromeDriver 启动超时（30秒） System.TimeoutException: ChromeDriver 启动超时（30秒）
   at UIAutomationFramework.Common.DriverFactory.CreateChromeDriverWithTimeout(Boolean headless) in C:\Users\ADMIN\source\repos\UIAutomationFramework\UIAutomationFramework\Common\DriverFactory.cs:line 75
2025-06-21 21:56:53.5913 INFO UIAutomationFramework.Common.Logger - 开始执行测试: Search_Multiple_Products_Test 
2025-06-21 21:56:53.6245 INFO UIAutomationFramework.Common.Logger - 使用浏览器: Chrome 
2025-06-21 21:56:53.6245 INFO UIAutomationFramework.Common.Logger - 使用驱动路径: C:\Users\ADMIN\source\repos\UIAutomationFramework\UIAutomationFramework\bin\Debug\net8.0\drivers 
2025-06-21 21:56:54.5547 INFO UIAutomationFramework.Common.Logger - 浏览器驱动初始化完成 
2025-06-21 21:56:54.5547 INFO UIAutomationFramework.Common.Logger - 开始执行多个商品搜索测试 
2025-06-21 21:56:54.5547 INFO UIAutomationFramework.Common.Logger - 步骤1: 开始登录流程 
2025-06-21 21:56:57.7387 INFO UIAutomationFramework.Common.Logger - 导航到 https://www.advantageonlineshopping.com/ 
2025-06-21 21:56:57.7387 INFO UIAutomationFramework.Common.Logger - 正在截图: login-page 
2025-06-21 21:56:58.1195 INFO UIAutomationFramework.Common.Logger - 截图已保存到: C:\Users\ADMIN\source\repos\UIAutomationFramework\UIAutomationFramework\bin\Debug\net8.0\Screenshots\login-page_20250621_215658.png 
2025-06-21 21:57:03.9325 INFO UIAutomationFramework.Common.Logger - 加载器已消失 
2025-06-21 21:57:03.9717 INFO UIAutomationFramework.Common.Logger - 用户 eziotest 已登录 
2025-06-21 21:57:14.2160 INFO UIAutomationFramework.Common.Logger - 检查登录状态失败: Timed out after 10 seconds 
2025-06-21 21:57:14.2160 INFO UIAutomationFramework.Common.Logger - 测试未通过: Search_Multiple_Products_Test, 结果: Failed 
2025-06-21 21:57:14.2160 INFO UIAutomationFramework.Common.Logger - 正在截图: failure-screenshot 
2025-06-21 21:57:14.3220 INFO UIAutomationFramework.Common.Logger - 截图已保存到: C:\Users\ADMIN\source\repos\UIAutomationFramework\UIAutomationFramework\bin\Debug\net8.0\Screenshots\failure-screenshot_20250621_215714.png 
2025-06-21 21:57:14.3220 INFO UIAutomationFramework.Common.Logger - 关闭浏览器驱动 
2025-06-21 21:58:43.6389 INFO UIAutomationFramework.Common.Logger - 开始执行测试: Search_Multiple_Products_Test 
2025-06-21 21:58:43.6802 INFO UIAutomationFramework.Common.Logger - 使用浏览器: Chrome 
2025-06-21 21:58:43.6802 INFO UIAutomationFramework.Common.Logger - 使用驱动路径: C:\Users\ADMIN\source\repos\UIAutomationFramework\UIAutomationFramework\bin\Debug\net8.0\drivers 
2025-06-21 21:58:44.5519 INFO UIAutomationFramework.Common.Logger - 浏览器驱动初始化完成 
2025-06-21 21:58:44.5519 INFO UIAutomationFramework.Common.Logger - 开始执行多个商品搜索测试 
2025-06-21 21:58:44.5519 INFO UIAutomationFramework.Common.Logger - 步骤1: 开始登录流程 
2025-06-21 21:58:48.7697 INFO UIAutomationFramework.Common.Logger - 导航到 https://www.advantageonlineshopping.com/ 
2025-06-21 21:58:48.7794 INFO UIAutomationFramework.Common.Logger - 正在截图: login-page 
2025-06-21 21:58:49.1485 INFO UIAutomationFramework.Common.Logger - 截图已保存到: C:\Users\ADMIN\source\repos\UIAutomationFramework\UIAutomationFramework\bin\Debug\net8.0\Screenshots\login-page_20250621_215849.png 
2025-06-21 21:58:56.0473 INFO UIAutomationFramework.Common.Logger - 加载器已消失 
2025-06-21 21:58:56.0841 INFO UIAutomationFramework.Common.Logger - 用户 eziotest 已登录 
2025-06-21 21:59:07.4336 INFO UIAutomationFramework.Common.Logger - 期望用户名: eziotest, 实际用户名: eziotest 
2025-06-21 21:59:07.4336 INFO UIAutomationFramework.Common.Logger - 正在截图: home-page 
2025-06-21 21:59:07.7018 INFO UIAutomationFramework.Common.Logger - 截图已保存到: C:\Users\ADMIN\source\repos\UIAutomationFramework\UIAutomationFramework\bin\Debug\net8.0\Screenshots\home-page_20250621_215907.png 
2025-06-21 21:59:07.7018 INFO UIAutomationFramework.Common.Logger - 步骤2: 开始搜索多个商品 
2025-06-21 21:59:07.7018 INFO UIAutomationFramework.Common.Logger - 搜索商品: HP 
2025-06-21 21:59:07.7018 INFO UIAutomationFramework.Common.Logger - 开始搜索商品: HP 
2025-06-21 21:59:07.7852 INFO UIAutomationFramework.Common.Logger - 已提交搜索: HP 
2025-06-21 21:59:07.7852 INFO UIAutomationFramework.Common.Logger - 检查搜索结果 
2025-06-21 21:59:38.3072 INFO UIAutomationFramework.Common.Logger - 检查搜索结果失败: Timed out after 30 seconds 
2025-06-21 22:01:08.5309 INFO UIAutomationFramework.Common.Logger - 开始执行测试: Search_Multiple_Products_Test 
2025-06-21 22:01:08.5732 INFO UIAutomationFramework.Common.Logger - 使用浏览器: Chrome 
2025-06-21 22:01:08.5755 INFO UIAutomationFramework.Common.Logger - 使用驱动路径: C:\Users\ADMIN\source\repos\UIAutomationFramework\UIAutomationFramework\bin\Debug\net8.0\drivers 
2025-06-21 22:01:09.4371 INFO UIAutomationFramework.Common.Logger - 浏览器驱动初始化完成 
2025-06-21 22:01:09.4371 INFO UIAutomationFramework.Common.Logger - 开始执行多个商品搜索测试 
2025-06-21 22:01:09.4371 INFO UIAutomationFramework.Common.Logger - 步骤1: 开始登录流程 
2025-06-21 22:01:11.0207 INFO UIAutomationFramework.Common.Logger - 导航到 https://www.advantageonlineshopping.com/ 
2025-06-21 22:01:11.0207 INFO UIAutomationFramework.Common.Logger - 正在截图: login-page 
2025-06-21 22:01:11.1210 INFO UIAutomationFramework.Common.Logger - 截图已保存到: C:\Users\ADMIN\source\repos\UIAutomationFramework\UIAutomationFramework\bin\Debug\net8.0\Screenshots\login-page_20250621_220111.png 
2025-06-21 22:01:21.1172 INFO UIAutomationFramework.Common.Logger - 加载器已消失 
2025-06-21 22:01:21.1525 INFO UIAutomationFramework.Common.Logger - 用户 eziotest 已登录 
2025-06-21 22:01:36.6024 INFO UIAutomationFramework.Common.Logger - 期望用户名: eziotest, 实际用户名: eziotest 
2025-06-21 22:01:36.6024 INFO UIAutomationFramework.Common.Logger - 正在截图: home-page 
2025-06-21 22:01:36.8414 INFO UIAutomationFramework.Common.Logger - 截图已保存到: C:\Users\ADMIN\source\repos\UIAutomationFramework\UIAutomationFramework\bin\Debug\net8.0\Screenshots\home-page_20250621_220136.png 
2025-06-21 22:01:36.8414 INFO UIAutomationFramework.Common.Logger - 步骤2: 开始搜索多个商品 
2025-06-21 22:01:36.8414 INFO UIAutomationFramework.Common.Logger - 搜索商品: HP 
2025-06-21 22:01:36.8414 INFO UIAutomationFramework.Common.Logger - 开始搜索商品: HP 
2025-06-21 22:01:37.1288 INFO UIAutomationFramework.Common.Logger - 已提交搜索: HP 
2025-06-21 22:01:37.1288 INFO UIAutomationFramework.Common.Logger - 检查搜索结果 
2025-06-21 22:02:07.4253 INFO UIAutomationFramework.Common.Logger - 检查搜索结果失败: Timed out after 30 seconds 
2025-06-21 22:08:03.6693 INFO UIAutomationFramework.Common.Logger - 开始执行测试: Search_Multiple_Products_Test 
2025-06-21 22:08:03.7222 INFO UIAutomationFramework.Common.Logger - 使用浏览器: Chrome 
2025-06-21 22:08:03.7222 INFO UIAutomationFramework.Common.Logger - 使用驱动路径: C:\Users\ADMIN\source\repos\UIAutomationFramework\UIAutomationFramework\bin\Debug\net8.0\drivers 
2025-06-21 22:08:04.5774 INFO UIAutomationFramework.Common.Logger - 浏览器驱动初始化完成 
2025-06-21 22:08:04.5774 INFO UIAutomationFramework.Common.Logger - 开始执行多个商品搜索测试 
2025-06-21 22:08:04.5774 INFO UIAutomationFramework.Common.Logger - 步骤1: 开始登录流程 
2025-06-21 22:08:06.5996 INFO UIAutomationFramework.Common.Logger - 导航到 https://www.advantageonlineshopping.com/ 
2025-06-21 22:08:06.5996 INFO UIAutomationFramework.Common.Logger - 正在截图: login-page 
2025-06-21 22:08:06.7021 INFO UIAutomationFramework.Common.Logger - 截图已保存到: C:\Users\ADMIN\source\repos\UIAutomationFramework\UIAutomationFramework\bin\Debug\net8.0\Screenshots\login-page_20250621_220806.png 
2025-06-21 22:08:19.0179 INFO UIAutomationFramework.Common.Logger - 加载器已消失 
2025-06-21 22:08:19.0672 INFO UIAutomationFramework.Common.Logger - 用户 eziotest 已登录 
2025-06-21 22:08:26.3329 INFO UIAutomationFramework.Common.Logger - 期望用户名: eziotest, 实际用户名: eziotest 
2025-06-21 22:08:26.3329 INFO UIAutomationFramework.Common.Logger - 正在截图: home-page 
2025-06-21 22:08:26.6066 INFO UIAutomationFramework.Common.Logger - 截图已保存到: C:\Users\ADMIN\source\repos\UIAutomationFramework\UIAutomationFramework\bin\Debug\net8.0\Screenshots\home-page_20250621_220826.png 
2025-06-21 22:08:26.6066 INFO UIAutomationFramework.Common.Logger - 步骤2: 开始搜索多个商品 
2025-06-21 22:08:26.6066 INFO UIAutomationFramework.Common.Logger - 搜索商品: HP ZBOOK 17 G2 MOBILE WORKSTATION, 数量: 2 
2025-06-21 22:08:26.6066 INFO UIAutomationFramework.Common.Logger - 开始搜索商品: HP ZBOOK 17 G2 MOBILE WORKSTATION 
2025-06-21 22:08:26.7462 INFO UIAutomationFramework.Common.Logger - 已提交搜索: HP ZBOOK 17 G2 MOBILE WORKSTATION 
2025-06-21 22:08:26.7467 INFO UIAutomationFramework.Common.Logger - 检查搜索结果 
2025-06-21 22:08:32.4555 INFO UIAutomationFramework.Common.Logger - 期望商品: HP ZBOOK 17 G2 MOBILE WORKSTATION, 实际结果: HP ZBOOK 17 G2 MOBILE WORKSTATION, 匹配: True 
2025-06-21 22:08:32.4555 INFO UIAutomationFramework.Common.Logger - 正在截图: search-results-hp-zbook-17-g2-mobile-workstation 
2025-06-21 22:08:32.7111 INFO UIAutomationFramework.Common.Logger - 截图已保存到: C:\Users\ADMIN\source\repos\UIAutomationFramework\UIAutomationFramework\bin\Debug\net8.0\Screenshots\search-results-hp-zbook-17-g2-mobile-workstation_20250621_220832.png 
2025-06-21 22:08:32.7111 INFO UIAutomationFramework.Common.Logger - 搜索商品: HP Z8000 BLUETOOTH MOUSE, 数量: 1 
2025-06-21 22:08:32.7111 INFO UIAutomationFramework.Common.Logger - 开始搜索商品: HP Z8000 BLUETOOTH MOUSE 
2025-06-21 22:08:32.8416 INFO UIAutomationFramework.Common.Logger - 已提交搜索: HP Z8000 BLUETOOTH MOUSE 
2025-06-21 22:08:32.8416 INFO UIAutomationFramework.Common.Logger - 检查搜索结果 
2025-06-21 22:08:32.8416 INFO UIAutomationFramework.Common.Logger - 期望商品: HP Z8000 BLUETOOTH MOUSE, 实际结果: HP ZBOOK 17 G2 MOBILE WORKSTATION, 匹配: False 
2025-06-21 22:11:19.1251 INFO UIAutomationFramework.Common.Logger - 开始执行测试: Search_Multiple_Products_Test 
2025-06-21 22:11:19.1672 INFO UIAutomationFramework.Common.Logger - 使用浏览器: Chrome 
2025-06-21 22:11:19.1692 INFO UIAutomationFramework.Common.Logger - 使用驱动路径: C:\Users\ADMIN\source\repos\UIAutomationFramework\UIAutomationFramework\bin\Debug\net8.0\drivers 
2025-06-21 22:11:20.2185 INFO UIAutomationFramework.Common.Logger - 浏览器驱动初始化完成 
2025-06-21 22:11:20.2185 INFO UIAutomationFramework.Common.Logger - 开始执行多个商品搜索测试 
2025-06-21 22:11:20.2185 INFO UIAutomationFramework.Common.Logger - 步骤1: 开始登录流程 
2025-06-21 22:11:21.9369 INFO UIAutomationFramework.Common.Logger - 导航到 https://www.advantageonlineshopping.com/ 
2025-06-21 22:11:21.9369 INFO UIAutomationFramework.Common.Logger - 正在截图: login-page 
2025-06-21 22:11:22.0366 INFO UIAutomationFramework.Common.Logger - 截图已保存到: C:\Users\ADMIN\source\repos\UIAutomationFramework\UIAutomationFramework\bin\Debug\net8.0\Screenshots\login-page_20250621_221122.png 
2025-06-21 22:11:28.9537 INFO UIAutomationFramework.Common.Logger - 加载器已消失 
2025-06-21 22:11:28.9996 INFO UIAutomationFramework.Common.Logger - 用户 eziotest 已登录 
2025-06-21 22:11:31.0809 INFO UIAutomationFramework.Common.Logger - 期望用户名: eziotest, 实际用户名: eziotest 
2025-06-21 22:11:31.0809 INFO UIAutomationFramework.Common.Logger - 正在截图: home-page 
2025-06-21 22:11:31.1756 INFO UIAutomationFramework.Common.Logger - 截图已保存到: C:\Users\ADMIN\source\repos\UIAutomationFramework\UIAutomationFramework\bin\Debug\net8.0\Screenshots\home-page_20250621_221131.png 
2025-06-21 22:11:31.1756 INFO UIAutomationFramework.Common.Logger - 步骤2: 开始搜索多个商品 
2025-06-21 22:11:31.1756 INFO UIAutomationFramework.Common.Logger - 搜索商品: HP ZBOOK 17 G2 MOBILE WORKSTATION, 数量: 2 
2025-06-21 22:11:31.1756 INFO UIAutomationFramework.Common.Logger - 开始搜索商品: HP ZBOOK 17 G2 MOBILE WORKSTATION 
2025-06-21 22:11:32.2757 INFO UIAutomationFramework.Common.Logger - 搜索商品失败: element click intercepted: Element <svg id="menuSearch" version="1.1" xmlns="http://www.w3.org/2000/svg" xmlns:xlink="http://www.w3.org/1999/xlink" x="0px" y="0px" width="24px" height="24px" viewBox="0 0 24 24" enable-background="new 0 0 24 24" xml:space="preserve" icon-search-svg="" data-ng-click="openSearchProducts()">...</svg> is not clickable at point (1657, 33). Other element would receive the click: <div class="loader" style="display: block; opacity: 1;">...</div>
  (Session info: chrome=137.0.7151.104) 
2025-06-21 22:15:21.1435 INFO UIAutomationFramework.Common.Logger - 开始执行测试: Search_Multiple_Products_Test 
2025-06-21 22:15:21.1661 INFO UIAutomationFramework.Common.Logger - 使用浏览器: Chrome 
2025-06-21 22:15:21.1661 INFO UIAutomationFramework.Common.Logger - 使用驱动路径: C:\Users\ADMIN\source\repos\UIAutomationFramework\UIAutomationFramework\bin\Debug\net8.0\drivers 
2025-06-21 22:15:22.4052 INFO UIAutomationFramework.Common.Logger - 浏览器驱动初始化完成 
2025-06-21 22:15:22.4052 INFO UIAutomationFramework.Common.Logger - 开始执行多个商品搜索测试 
2025-06-21 22:15:22.4052 INFO UIAutomationFramework.Common.Logger - 步骤1: 开始登录流程 
2025-06-21 22:15:26.1048 INFO UIAutomationFramework.Common.Logger - 导航到 https://www.advantageonlineshopping.com/ 
2025-06-21 22:15:26.1048 INFO UIAutomationFramework.Common.Logger - 正在截图: login-page 
2025-06-21 22:15:26.4768 INFO UIAutomationFramework.Common.Logger - 截图已保存到: C:\Users\ADMIN\source\repos\UIAutomationFramework\UIAutomationFramework\bin\Debug\net8.0\Screenshots\login-page_20250621_221526.png 
2025-06-21 22:15:26.4937 INFO UIAutomationFramework.Common.Logger - 加载器已消失 
2025-06-21 22:15:26.5692 INFO UIAutomationFramework.Common.Logger - 加载器已消失 
2025-06-21 22:15:32.2595 INFO UIAutomationFramework.Common.Logger - 加载器已消失 
2025-06-21 22:15:32.3175 INFO UIAutomationFramework.Common.Logger - 加载器已消失 
2025-06-21 22:15:32.3259 INFO UIAutomationFramework.Common.Logger - 加载器已消失 
2025-06-21 22:15:32.3644 INFO UIAutomationFramework.Common.Logger - 用户 eziotest 已登录 
2025-06-21 22:15:32.3749 INFO UIAutomationFramework.Common.Logger - 加载器已消失 
2025-06-21 22:15:52.4296 INFO UIAutomationFramework.Common.Logger - 期望用户名: eziotest, 实际用户名: eziotest 
2025-06-21 22:15:52.4296 INFO UIAutomationFramework.Common.Logger - 正在截图: home-page 
2025-06-21 22:15:52.7033 INFO UIAutomationFramework.Common.Logger - 截图已保存到: C:\Users\ADMIN\source\repos\UIAutomationFramework\UIAutomationFramework\bin\Debug\net8.0\Screenshots\home-page_20250621_221552.png 
2025-06-21 22:15:52.7033 INFO UIAutomationFramework.Common.Logger - 步骤2: 开始搜索多个商品 
2025-06-21 22:15:52.7033 INFO UIAutomationFramework.Common.Logger - 搜索商品: HP ZBOOK 17 G2 MOBILE WORKSTATION, 数量: 2 
2025-06-21 22:15:52.7033 INFO UIAutomationFramework.Common.Logger - 开始搜索商品: HP ZBOOK 17 G2 MOBILE WORKSTATION 
2025-06-21 22:15:52.7033 INFO UIAutomationFramework.Common.Logger - 加载器已消失 
2025-06-21 22:15:52.8274 INFO UIAutomationFramework.Common.Logger - 加载器已消失 
2025-06-21 22:15:52.9250 INFO UIAutomationFramework.Common.Logger - 加载器已消失 
2025-06-21 22:15:52.9489 INFO UIAutomationFramework.Common.Logger - 已提交搜索: HP ZBOOK 17 G2 MOBILE WORKSTATION 
2025-06-21 22:15:52.9489 INFO UIAutomationFramework.Common.Logger - 检查搜索结果 
2025-06-21 22:15:52.9592 INFO UIAutomationFramework.Common.Logger - 加载器已消失 
2025-06-21 22:16:06.2956 INFO UIAutomationFramework.Common.Logger - 期望商品: HP ZBOOK 17 G2 MOBILE WORKSTATION, 实际结果: HP ZBOOK 17 G2 MOBILE WORKSTATION, 匹配: True 
2025-06-21 22:16:06.2956 INFO UIAutomationFramework.Common.Logger - 正在截图: search-results-hp-zbook-17-g2-mobile-workstation 
2025-06-21 22:16:06.5195 INFO UIAutomationFramework.Common.Logger - 截图已保存到: C:\Users\ADMIN\source\repos\UIAutomationFramework\UIAutomationFramework\bin\Debug\net8.0\Screenshots\search-results-hp-zbook-17-g2-mobile-workstation_20250621_221606.png 
2025-06-21 22:16:06.5195 INFO UIAutomationFramework.Common.Logger - 搜索商品: HP Z8000 BLUETOOTH MOUSE, 数量: 1 
2025-06-21 22:16:06.5195 INFO UIAutomationFramework.Common.Logger - 开始搜索商品: HP Z8000 BLUETOOTH MOUSE 
2025-06-21 22:16:06.5278 INFO UIAutomationFramework.Common.Logger - 加载器已消失 
2025-06-21 22:16:06.5682 INFO UIAutomationFramework.Common.Logger - 加载器已消失 
2025-06-21 22:16:06.6326 INFO UIAutomationFramework.Common.Logger - 加载器已消失 
2025-06-21 22:16:06.6540 INFO UIAutomationFramework.Common.Logger - 已提交搜索: HP Z8000 BLUETOOTH MOUSE 
2025-06-21 22:16:06.6540 INFO UIAutomationFramework.Common.Logger - 检查搜索结果 
2025-06-21 22:16:06.6540 INFO UIAutomationFramework.Common.Logger - 加载器已消失 
2025-06-21 22:16:18.4712 INFO UIAutomationFramework.Common.Logger - 期望商品: HP Z8000 BLUETOOTH MOUSE, 实际结果: HP ZBOOK 17 G2 MOBILE WORKSTATION, 匹配: False 
2025-06-21 22:16:18.4813 INFO UIAutomationFramework.Common.Logger - 测试未通过: Search_Multiple_Products_Test, 结果: Failed 
2025-06-21 22:16:18.4813 INFO UIAutomationFramework.Common.Logger - 正在截图: failure-screenshot 
2025-06-21 22:16:18.7559 INFO UIAutomationFramework.Common.Logger - 截图已保存到: C:\Users\ADMIN\source\repos\UIAutomationFramework\UIAutomationFramework\bin\Debug\net8.0\Screenshots\failure-screenshot_20250621_221618.png 
2025-06-21 22:16:18.7559 INFO UIAutomationFramework.Common.Logger - 关闭浏览器驱动 
2025-06-21 22:18:06.5653 INFO UIAutomationFramework.Common.Logger - 开始执行测试: Search_Multiple_Products_Test 
2025-06-21 22:18:06.6065 INFO UIAutomationFramework.Common.Logger - 使用浏览器: Chrome 
2025-06-21 22:18:06.6065 INFO UIAutomationFramework.Common.Logger - 使用驱动路径: C:\Users\ADMIN\source\repos\UIAutomationFramework\UIAutomationFramework\bin\Debug\net8.0\drivers 
2025-06-21 22:18:07.4640 INFO UIAutomationFramework.Common.Logger - 浏览器驱动初始化完成 
2025-06-21 22:18:07.4640 INFO UIAutomationFramework.Common.Logger - 开始执行多个商品搜索测试 
2025-06-21 22:18:07.4640 INFO UIAutomationFramework.Common.Logger - 步骤1: 开始登录流程 
2025-06-21 22:18:09.5980 INFO UIAutomationFramework.Common.Logger - 导航到 https://www.advantageonlineshopping.com/ 
2025-06-21 22:18:09.5980 INFO UIAutomationFramework.Common.Logger - 正在截图: login-page 
2025-06-21 22:18:09.6874 INFO UIAutomationFramework.Common.Logger - 截图已保存到: C:\Users\ADMIN\source\repos\UIAutomationFramework\UIAutomationFramework\bin\Debug\net8.0\Screenshots\login-page_20250621_221809.png 
2025-06-21 22:18:09.7021 INFO UIAutomationFramework.Common.Logger - 加载器已消失 
2025-06-21 22:20:35.1631 INFO UIAutomationFramework.Common.Logger - 开始执行测试: Search_Multiple_Products_Test 
2025-06-21 22:20:35.1867 INFO UIAutomationFramework.Common.Logger - 使用浏览器: Chrome 
2025-06-21 22:20:35.1867 INFO UIAutomationFramework.Common.Logger - 使用驱动路径: C:\Users\ADMIN\source\repos\UIAutomationFramework\UIAutomationFramework\bin\Debug\net8.0\drivers 
2025-06-21 22:20:36.1247 INFO UIAutomationFramework.Common.Logger - 浏览器驱动初始化完成 
2025-06-21 22:20:36.1247 INFO UIAutomationFramework.Common.Logger - 开始执行多个商品搜索测试 
2025-06-21 22:20:36.1247 INFO UIAutomationFramework.Common.Logger - 步骤1: 开始登录流程 
2025-06-21 22:20:37.5723 INFO UIAutomationFramework.Common.Logger - 导航到 https://www.advantageonlineshopping.com/ 
2025-06-21 22:20:37.5723 INFO UIAutomationFramework.Common.Logger - 正在截图: login-page 
2025-06-21 22:20:37.6589 INFO UIAutomationFramework.Common.Logger - 截图已保存到: C:\Users\ADMIN\source\repos\UIAutomationFramework\UIAutomationFramework\bin\Debug\net8.0\Screenshots\login-page_20250621_222037.png 
2025-06-21 22:20:37.6725 INFO UIAutomationFramework.Common.Logger - 加载器已消失 
2025-06-21 22:20:39.9120 INFO UIAutomationFramework.Common.Logger - 加载器已消失 
2025-06-21 22:20:40.4698 INFO UIAutomationFramework.Common.Logger - 加载器已消失 
2025-06-21 22:20:40.5311 INFO UIAutomationFramework.Common.Logger - 加载器已消失 
2025-06-21 22:20:40.5311 INFO UIAutomationFramework.Common.Logger - 加载器已消失 
2025-06-21 22:20:40.5814 INFO UIAutomationFramework.Common.Logger - 用户 eziotest 已登录 
2025-06-21 22:20:40.5916 INFO UIAutomationFramework.Common.Logger - 加载器已消失 
2025-06-21 22:20:41.1237 INFO UIAutomationFramework.Common.Logger - 期望用户名: eziotest, 实际用户名: eziotest 
2025-06-21 22:20:41.1237 INFO UIAutomationFramework.Common.Logger - 正在截图: home-page 
2025-06-21 22:20:41.2197 INFO UIAutomationFramework.Common.Logger - 截图已保存到: C:\Users\ADMIN\source\repos\UIAutomationFramework\UIAutomationFramework\bin\Debug\net8.0\Screenshots\home-page_20250621_222041.png 
2025-06-21 22:20:41.2197 INFO UIAutomationFramework.Common.Logger - 步骤2: 开始搜索多个商品 
2025-06-21 22:20:41.2197 INFO UIAutomationFramework.Common.Logger - 搜索商品: HP ZBOOK 17 G2 MOBILE WORKSTATION, 数量: 2 
2025-06-21 22:20:41.2197 INFO UIAutomationFramework.Common.Logger - 开始搜索商品: HP ZBOOK 17 G2 MOBILE WORKSTATION 
2025-06-21 22:20:46.3784 INFO UIAutomationFramework.Common.Logger - 加载器已消失 
2025-06-21 22:20:46.4207 INFO UIAutomationFramework.Common.Logger - 加载器已消失 
2025-06-21 22:20:46.4521 INFO UIAutomationFramework.Common.Logger - 加载器已消失 
2025-06-21 22:20:46.5429 INFO UIAutomationFramework.Common.Logger - 加载器已消失 
2025-06-21 22:20:46.5673 INFO UIAutomationFramework.Common.Logger - 已提交搜索: HP ZBOOK 17 G2 MOBILE WORKSTATION 
2025-06-21 22:20:46.5673 INFO UIAutomationFramework.Common.Logger - 检查搜索结果 
2025-06-21 22:20:46.5776 INFO UIAutomationFramework.Common.Logger - 加载器已消失 
2025-06-21 22:20:59.9642 INFO UIAutomationFramework.Common.Logger - 期望商品: HP ZBOOK 17 G2 MOBILE WORKSTATION, 实际结果: HP ZBOOK 17 G2 MOBILE WORKSTATION, 匹配: True 
2025-06-21 22:20:59.9642 INFO UIAutomationFramework.Common.Logger - 正在截图: search-results-hp-zbook-17-g2-mobile-workstation 
2025-06-21 22:21:00.2514 INFO UIAutomationFramework.Common.Logger - 截图已保存到: C:\Users\ADMIN\source\repos\UIAutomationFramework\UIAutomationFramework\bin\Debug\net8.0\Screenshots\search-results-hp-zbook-17-g2-mobile-workstation_20250621_222100.png 
2025-06-21 22:21:00.2514 INFO UIAutomationFramework.Common.Logger - 搜索商品: HP Z8000 BLUETOOTH MOUSE, 数量: 1 
2025-06-21 22:21:00.2514 INFO UIAutomationFramework.Common.Logger - 开始搜索商品: HP Z8000 BLUETOOTH MOUSE 
2025-06-21 22:21:00.2514 INFO UIAutomationFramework.Common.Logger - 加载器已消失 
2025-06-21 22:21:00.3028 INFO UIAutomationFramework.Common.Logger - 加载器已消失 
2025-06-21 22:21:00.3374 INFO UIAutomationFramework.Common.Logger - 加载器已消失 
2025-06-21 22:21:00.4174 INFO UIAutomationFramework.Common.Logger - 加载器已消失 
2025-06-21 22:21:00.4428 INFO UIAutomationFramework.Common.Logger - 已提交搜索: HP Z8000 BLUETOOTH MOUSE 
2025-06-21 22:21:00.4428 INFO UIAutomationFramework.Common.Logger - 检查搜索结果 
2025-06-21 22:21:00.4524 INFO UIAutomationFramework.Common.Logger - 加载器已消失 
2025-06-21 22:21:00.4673 INFO UIAutomationFramework.Common.Logger - 期望商品: HP Z8000 BLUETOOTH MOUSE, 实际结果: HP ZBOOK 17 G2 MOBILE WORKSTATION, 匹配: False 
2025-06-21 22:21:00.4817 INFO UIAutomationFramework.Common.Logger - 测试未通过: Search_Multiple_Products_Test, 结果: Failed 
2025-06-21 22:21:00.4817 INFO UIAutomationFramework.Common.Logger - 正在截图: failure-screenshot 
2025-06-21 22:21:00.7086 INFO UIAutomationFramework.Common.Logger - 截图已保存到: C:\Users\ADMIN\source\repos\UIAutomationFramework\UIAutomationFramework\bin\Debug\net8.0\Screenshots\failure-screenshot_20250621_222100.png 
2025-06-21 22:21:00.7086 INFO UIAutomationFramework.Common.Logger - 关闭浏览器驱动 
2025-06-21 22:26:38.6216 INFO UIAutomationFramework.Common.Logger - 开始执行测试: Search_Multiple_Products_Test 
2025-06-21 22:26:38.6561 INFO UIAutomationFramework.Common.Logger - 使用浏览器: Chrome 
2025-06-21 22:26:38.6561 INFO UIAutomationFramework.Common.Logger - 使用驱动路径: C:\Users\ADMIN\source\repos\UIAutomationFramework\UIAutomationFramework\bin\Debug\net8.0\drivers 
2025-06-21 22:26:39.4729 INFO UIAutomationFramework.Common.Logger - 浏览器驱动初始化完成 
2025-06-21 22:26:39.4729 INFO UIAutomationFramework.Common.Logger - 开始执行多个商品搜索测试 
2025-06-21 22:26:39.4729 INFO UIAutomationFramework.Common.Logger - 步骤1: 开始登录流程 
2025-06-21 22:26:48.5858 INFO UIAutomationFramework.Common.Logger - 导航到 https://www.advantageonlineshopping.com/ 
2025-06-21 22:26:48.5858 INFO UIAutomationFramework.Common.Logger - 正在截图: login-page 
2025-06-21 22:26:48.9792 INFO UIAutomationFramework.Common.Logger - 截图已保存到: C:\Users\ADMIN\source\repos\UIAutomationFramework\UIAutomationFramework\bin\Debug\net8.0\Screenshots\login-page_20250621_222648.png 
2025-06-21 22:26:48.9970 INFO UIAutomationFramework.Common.Logger - 加载器已消失 
2025-06-21 22:26:49.0716 INFO UIAutomationFramework.Common.Logger - 加载器已消失 
2025-06-21 22:26:49.6395 INFO UIAutomationFramework.Common.Logger - 加载器已消失 
2025-06-21 22:26:49.7042 INFO UIAutomationFramework.Common.Logger - 加载器已消失 
2025-06-21 22:26:49.7042 INFO UIAutomationFramework.Common.Logger - 加载器已消失 
2025-06-21 22:26:49.7600 INFO UIAutomationFramework.Common.Logger - 用户 eziotest 已登录 
2025-06-21 22:26:49.7713 INFO UIAutomationFramework.Common.Logger - 加载器已消失 
2025-06-21 22:26:52.3751 INFO UIAutomationFramework.Common.Logger - 期望用户名: eziotest, 实际用户名: eziotest 
2025-06-21 22:26:52.3751 INFO UIAutomationFramework.Common.Logger - 正在截图: home-page 
2025-06-21 22:26:52.4771 INFO UIAutomationFramework.Common.Logger - 截图已保存到: C:\Users\ADMIN\source\repos\UIAutomationFramework\UIAutomationFramework\bin\Debug\net8.0\Screenshots\home-page_20250621_222652.png 
2025-06-21 22:26:52.4771 INFO UIAutomationFramework.Common.Logger - 步骤2: 开始搜索多个商品 
2025-06-21 22:26:52.4771 INFO UIAutomationFramework.Common.Logger - 搜索商品: HP ZBOOK 17 G2 MOBILE WORKSTATION, 数量: 2 
2025-06-21 22:26:52.4771 INFO UIAutomationFramework.Common.Logger - 开始搜索商品: HP ZBOOK 17 G2 MOBILE WORKSTATION 
2025-06-21 22:26:57.1121 INFO UIAutomationFramework.Common.Logger - 加载器已消失 
2025-06-21 22:26:57.1528 INFO UIAutomationFramework.Common.Logger - 加载器已消失 
2025-06-21 22:26:57.1859 INFO UIAutomationFramework.Common.Logger - 加载器已消失 
2025-06-21 22:26:57.2665 INFO UIAutomationFramework.Common.Logger - 已提交搜索: HP ZBOOK 17 G2 MOBILE WORKSTATION 
2025-06-21 22:26:57.2665 INFO UIAutomationFramework.Common.Logger - 检查搜索结果 
2025-06-21 22:26:57.2665 INFO UIAutomationFramework.Common.Logger - 加载器已消失 
2025-06-21 22:27:21.0981 INFO UIAutomationFramework.Common.Logger - 期望商品: HP ZBOOK 17 G2 MOBILE WORKSTATION, 实际结果: HP ZBOOK 17 G2 MOBILE WORKSTATION, 匹配: True 
2025-06-21 22:27:21.0981 INFO UIAutomationFramework.Common.Logger - 正在截图: search-results-hp-zbook-17-g2-mobile-workstation 
2025-06-21 22:27:21.3207 INFO UIAutomationFramework.Common.Logger - 截图已保存到: C:\Users\ADMIN\source\repos\UIAutomationFramework\UIAutomationFramework\bin\Debug\net8.0\Screenshots\search-results-hp-zbook-17-g2-mobile-workstation_20250621_222721.png 
2025-06-21 22:27:21.3207 INFO UIAutomationFramework.Common.Logger - 搜索商品: HP Z8000 BLUETOOTH MOUSE, 数量: 1 
2025-06-21 22:27:21.3207 INFO UIAutomationFramework.Common.Logger - 开始搜索商品: HP Z8000 BLUETOOTH MOUSE 
2025-06-21 22:27:21.8494 INFO UIAutomationFramework.Common.Logger - 加载器已消失 
2025-06-21 22:27:21.8945 INFO UIAutomationFramework.Common.Logger - 加载器已消失 
2025-06-21 22:27:21.9321 INFO UIAutomationFramework.Common.Logger - 加载器已消失 
2025-06-21 22:27:22.0059 INFO UIAutomationFramework.Common.Logger - 已提交搜索: HP Z8000 BLUETOOTH MOUSE 
2025-06-21 22:27:22.0059 INFO UIAutomationFramework.Common.Logger - 检查搜索结果 
2025-06-21 22:27:22.0174 INFO UIAutomationFramework.Common.Logger - 加载器已消失 
2025-06-21 22:27:22.0321 INFO UIAutomationFramework.Common.Logger - 期望商品: HP Z8000 BLUETOOTH MOUSE, 实际结果: HP Z8000 BLUETOOTH MOUSE, 匹配: True 
2025-06-21 22:27:22.0321 INFO UIAutomationFramework.Common.Logger - 正在截图: search-results-hp-z8000-bluetooth-mouse 
2025-06-21 22:27:22.2272 INFO UIAutomationFramework.Common.Logger - 截图已保存到: C:\Users\ADMIN\source\repos\UIAutomationFramework\UIAutomationFramework\bin\Debug\net8.0\Screenshots\search-results-hp-z8000-bluetooth-mouse_20250621_222722.png 
2025-06-21 22:27:22.2272 INFO UIAutomationFramework.Common.Logger - 搜索商品: HP ELITE X2 1011 G1 TABLET, 数量: 3 
2025-06-21 22:27:22.2272 INFO UIAutomationFramework.Common.Logger - 开始搜索商品: HP ELITE X2 1011 G1 TABLET 
2025-06-21 22:27:22.2352 INFO UIAutomationFramework.Common.Logger - 加载器已消失 
2025-06-21 22:27:22.2889 INFO UIAutomationFramework.Common.Logger - 加载器已消失 
2025-06-21 22:27:22.3345 INFO UIAutomationFramework.Common.Logger - 加载器已消失 
2025-06-21 22:27:22.4110 INFO UIAutomationFramework.Common.Logger - 已提交搜索: HP ELITE X2 1011 G1 TABLET 
2025-06-21 22:27:22.4110 INFO UIAutomationFramework.Common.Logger - 检查搜索结果 
2025-06-21 22:27:22.4199 INFO UIAutomationFramework.Common.Logger - 加载器已消失 
2025-06-21 22:27:22.4348 INFO UIAutomationFramework.Common.Logger - 期望商品: HP ELITE X2 1011 G1 TABLET, 实际结果: HP ELITE X2 1011 G1 TABLET, 匹配: True 
2025-06-21 22:27:22.4348 INFO UIAutomationFramework.Common.Logger - 正在截图: search-results-hp-elite-x2-1011-g1-tablet 
2025-06-21 22:27:22.6137 INFO UIAutomationFramework.Common.Logger - 截图已保存到: C:\Users\ADMIN\source\repos\UIAutomationFramework\UIAutomationFramework\bin\Debug\net8.0\Screenshots\search-results-hp-elite-x2-1011-g1-tablet_20250621_222722.png 
2025-06-21 22:27:22.6137 INFO UIAutomationFramework.Common.Logger - 所有商品搜索测试完成 
2025-06-21 22:27:22.6137 INFO UIAutomationFramework.Common.Logger - 测试通过: Search_Multiple_Products_Test 
2025-06-21 22:27:22.6137 INFO UIAutomationFramework.Common.Logger - 关闭浏览器驱动 
2025-06-21 22:52:52.7326 INFO UIAutomationFramework.Common.Logger - 开始执行测试: Search_Multiple_Products_Test 
2025-06-21 22:52:52.7559 INFO UIAutomationFramework.Common.Logger - 使用浏览器: Chrome 
2025-06-21 22:52:52.7559 INFO UIAutomationFramework.Common.Logger - 使用驱动路径: C:\Users\ADMIN\source\repos\UIAutomationFramework\UIAutomationFramework\bin\Debug\net8.0\drivers 
2025-06-21 22:52:53.5222 INFO UIAutomationFramework.Common.Logger - 浏览器驱动初始化完成 
2025-06-21 22:52:53.5222 INFO UIAutomationFramework.Common.Logger - 开始执行多个商品搜索测试 
2025-06-21 22:52:53.5222 INFO UIAutomationFramework.Common.Logger - 步骤1: 开始登录流程 
2025-06-21 22:53:00.7999 INFO UIAutomationFramework.Common.Logger - 导航到 https://www.advantageonlineshopping.com/ 
2025-06-21 22:53:00.7999 INFO UIAutomationFramework.Common.Logger - 正在截图: login-page 
2025-06-21 22:53:01.2160 INFO UIAutomationFramework.Common.Logger - 截图已保存到: C:\Users\ADMIN\source\repos\UIAutomationFramework\UIAutomationFramework\bin\Debug\net8.0\Screenshots\login-page_20250621_225301.png 
2025-06-21 22:53:01.2333 INFO UIAutomationFramework.Common.Logger - 加载器已消失 
2025-06-21 22:53:01.3103 INFO UIAutomationFramework.Common.Logger - 加载器已消失 
2025-06-21 22:53:01.9062 INFO UIAutomationFramework.Common.Logger - 加载器已消失 
2025-06-21 22:53:01.9662 INFO UIAutomationFramework.Common.Logger - 加载器已消失 
2025-06-21 22:53:01.9662 INFO UIAutomationFramework.Common.Logger - 加载器已消失 
2025-06-21 22:53:02.0171 INFO UIAutomationFramework.Common.Logger - 用户 eziotest 已登录 
2025-06-21 22:53:02.0171 INFO UIAutomationFramework.Common.Logger - 加载器已消失 
2025-06-21 22:53:06.1924 INFO UIAutomationFramework.Common.Logger - 期望用户名: eziotest, 实际用户名: eziotest 
2025-06-21 22:53:06.1924 INFO UIAutomationFramework.Common.Logger - 正在截图: home-page 
2025-06-21 22:53:06.2997 INFO UIAutomationFramework.Common.Logger - 截图已保存到: C:\Users\ADMIN\source\repos\UIAutomationFramework\UIAutomationFramework\bin\Debug\net8.0\Screenshots\home-page_20250621_225306.png 
2025-06-21 22:53:06.2997 INFO UIAutomationFramework.Common.Logger - 步骤2: 开始搜索并添加商品到购物车 
2025-06-21 22:53:06.2997 INFO UIAutomationFramework.Common.Logger - 处理商品: HP ZBOOK 17 G2 MOBILE WORKSTATION, 数量: 2, 颜色: gray 
2025-06-21 22:53:06.2997 INFO UIAutomationFramework.Common.Logger - 开始搜索商品: HP ZBOOK 17 G2 MOBILE WORKSTATION 
2025-06-21 22:53:10.7116 INFO UIAutomationFramework.Common.Logger - 加载器已消失 
2025-06-21 22:53:10.7560 INFO UIAutomationFramework.Common.Logger - 加载器已消失 
2025-06-21 22:53:10.7888 INFO UIAutomationFramework.Common.Logger - 加载器已消失 
2025-06-21 22:53:10.8666 INFO UIAutomationFramework.Common.Logger - 已提交搜索: HP ZBOOK 17 G2 MOBILE WORKSTATION 
2025-06-21 22:53:10.8666 INFO UIAutomationFramework.Common.Logger - 检查搜索结果 
2025-06-21 22:53:10.8779 INFO UIAutomationFramework.Common.Logger - 加载器已消失 
2025-06-21 22:53:31.9568 INFO UIAutomationFramework.Common.Logger - 期望商品: HP ZBOOK 17 G2 MOBILE WORKSTATION, 实际结果: HP PAVILION 15T TOUCH LAPTOP, 匹配: False 
2025-06-21 22:53:31.9749 INFO UIAutomationFramework.Common.Logger - 测试未通过: Search_Multiple_Products_Test, 结果: Failed 
2025-06-21 22:53:31.9749 INFO UIAutomationFramework.Common.Logger - 正在截图: failure-screenshot 
2025-06-21 22:53:32.1542 INFO UIAutomationFramework.Common.Logger - 截图已保存到: C:\Users\ADMIN\source\repos\UIAutomationFramework\UIAutomationFramework\bin\Debug\net8.0\Screenshots\failure-screenshot_20250621_225332.png 
2025-06-21 22:53:32.1542 INFO UIAutomationFramework.Common.Logger - 关闭浏览器驱动 
2025-06-21 22:56:57.1858 INFO UIAutomationFramework.Common.Logger - 开始执行测试: Search_Multiple_Products_Test 
2025-06-21 22:56:57.2281 INFO UIAutomationFramework.Common.Logger - 使用浏览器: Chrome 
2025-06-21 22:56:57.2281 INFO UIAutomationFramework.Common.Logger - 使用驱动路径: C:\Users\ADMIN\source\repos\UIAutomationFramework\UIAutomationFramework\bin\Debug\net8.0\drivers 
2025-06-21 22:56:58.0790 INFO UIAutomationFramework.Common.Logger - 浏览器驱动初始化完成 
2025-06-21 22:56:58.0790 INFO UIAutomationFramework.Common.Logger - 开始执行多个商品搜索测试 
2025-06-21 22:57:36.7472 INFO UIAutomationFramework.Common.Logger - 步骤1: 开始登录流程 
2025-06-21 22:57:46.2071 INFO UIAutomationFramework.Common.Logger - 导航到 https://www.advantageonlineshopping.com/ 
2025-06-21 22:57:46.2071 INFO UIAutomationFramework.Common.Logger - 正在截图: login-page 
2025-06-21 22:57:46.6195 INFO UIAutomationFramework.Common.Logger - 截图已保存到: C:\Users\ADMIN\source\repos\UIAutomationFramework\UIAutomationFramework\bin\Debug\net8.0\Screenshots\login-page_20250621_225746.png 
2025-06-21 22:57:46.6379 INFO UIAutomationFramework.Common.Logger - 加载器已消失 
2025-06-21 22:57:46.7348 INFO UIAutomationFramework.Common.Logger - 加载器已消失 
2025-06-21 22:57:47.3076 INFO UIAutomationFramework.Common.Logger - 加载器已消失 
2025-06-21 22:57:47.3653 INFO UIAutomationFramework.Common.Logger - 加载器已消失 
2025-06-21 22:57:47.3781 INFO UIAutomationFramework.Common.Logger - 加载器已消失 
2025-06-21 22:57:47.4192 INFO UIAutomationFramework.Common.Logger - 用户 eziotest 已登录 
2025-06-21 22:57:47.4192 INFO UIAutomationFramework.Common.Logger - 加载器已消失 
2025-06-21 22:57:51.0588 INFO UIAutomationFramework.Common.Logger - 期望用户名: eziotest, 实际用户名: eziotest 
2025-06-21 22:57:51.0588 INFO UIAutomationFramework.Common.Logger - 正在截图: home-page 
2025-06-21 22:57:51.1519 INFO UIAutomationFramework.Common.Logger - 截图已保存到: C:\Users\ADMIN\source\repos\UIAutomationFramework\UIAutomationFramework\bin\Debug\net8.0\Screenshots\home-page_20250621_225751.png 
2025-06-21 22:57:51.1519 INFO UIAutomationFramework.Common.Logger - 步骤2: 开始搜索并添加商品到购物车 
2025-06-21 22:57:51.1519 INFO UIAutomationFramework.Common.Logger - 处理商品: HP ZBOOK 17 G2 MOBILE WORKSTATION, 数量: 2, 颜色: gray 
2025-06-21 22:57:51.1519 INFO UIAutomationFramework.Common.Logger - 开始搜索商品: HP ZBOOK 17 G2 MOBILE WORKSTATION 
2025-06-21 22:57:56.3594 INFO UIAutomationFramework.Common.Logger - 加载器已消失 
2025-06-21 22:57:56.4019 INFO UIAutomationFramework.Common.Logger - 加载器已消失 
2025-06-21 22:57:56.4343 INFO UIAutomationFramework.Common.Logger - 加载器已消失 
2025-06-21 22:57:56.5018 INFO UIAutomationFramework.Common.Logger - 已提交搜索: HP ZBOOK 17 G2 MOBILE WORKSTATION 
2025-06-21 22:57:56.5018 INFO UIAutomationFramework.Common.Logger - 检查搜索结果 
2025-06-21 22:57:56.5018 INFO UIAutomationFramework.Common.Logger - 加载器已消失 
2025-06-21 22:58:18.2334 INFO UIAutomationFramework.Common.Logger - 期望商品: HP ZBOOK 17 G2 MOBILE WORKSTATION, 实际结果: HP ZBOOK 17 G2 MOBILE WORKSTATION, 匹配: True 
2025-06-21 22:58:18.2334 INFO UIAutomationFramework.Common.Logger - 正在截图: search-results-hp-zbook-17-g2-mobile-workstation 
2025-06-21 22:58:18.4746 INFO UIAutomationFramework.Common.Logger - 截图已保存到: C:\Users\ADMIN\source\repos\UIAutomationFramework\UIAutomationFramework\bin\Debug\net8.0\Screenshots\search-results-hp-zbook-17-g2-mobile-workstation_20250621_225818.png 
2025-06-21 22:58:18.4746 INFO UIAutomationFramework.Common.Logger - 点击进入第一个搜索结果商品 
2025-06-21 22:58:18.4840 INFO UIAutomationFramework.Common.Logger - 加载器已消失 
2025-06-21 22:58:18.5301 INFO UIAutomationFramework.Common.Logger - 已点击商品，跳转到商品详情页 
2025-06-21 22:58:18.5301 INFO UIAutomationFramework.Common.Logger - 检查商品详情页是否加载成功 
2025-06-21 22:58:18.5455 INFO UIAutomationFramework.Common.Logger - 加载器已消失 
2025-06-21 23:01:08.4269 INFO UIAutomationFramework.Common.Logger - 开始执行测试: Search_Multiple_Products_Test 
2025-06-21 23:01:08.4503 INFO UIAutomationFramework.Common.Logger - 使用浏览器: Chrome 
2025-06-21 23:01:08.4503 INFO UIAutomationFramework.Common.Logger - 使用驱动路径: C:\Users\ADMIN\source\repos\UIAutomationFramework\UIAutomationFramework\bin\Debug\net8.0\drivers 
2025-06-21 23:01:09.4947 INFO UIAutomationFramework.Common.Logger - 浏览器驱动初始化完成 
2025-06-21 23:01:09.4947 INFO UIAutomationFramework.Common.Logger - 开始执行多个商品搜索测试 
2025-06-21 23:01:09.4947 INFO UIAutomationFramework.Common.Logger - 步骤1: 开始登录流程 
2025-06-21 23:01:14.6686 INFO UIAutomationFramework.Common.Logger - 导航到 https://www.advantageonlineshopping.com/ 
2025-06-21 23:01:14.6779 INFO UIAutomationFramework.Common.Logger - 正在截图: login-page 
2025-06-21 23:01:15.0551 INFO UIAutomationFramework.Common.Logger - 截图已保存到: C:\Users\ADMIN\source\repos\UIAutomationFramework\UIAutomationFramework\bin\Debug\net8.0\Screenshots\login-page_20250621_230115.png 
2025-06-21 23:01:15.0718 INFO UIAutomationFramework.Common.Logger - 加载器已消失 
2025-06-21 23:01:15.1461 INFO UIAutomationFramework.Common.Logger - 加载器已消失 
2025-06-21 23:01:15.7510 INFO UIAutomationFramework.Common.Logger - 加载器已消失 
2025-06-21 23:01:15.8151 INFO UIAutomationFramework.Common.Logger - 加载器已消失 
2025-06-21 23:01:15.8260 INFO UIAutomationFramework.Common.Logger - 加载器已消失 
2025-06-21 23:01:15.8662 INFO UIAutomationFramework.Common.Logger - 用户 eziotest 已登录 
2025-06-21 23:01:15.8771 INFO UIAutomationFramework.Common.Logger - 加载器已消失 
2025-06-21 23:01:21.0495 INFO UIAutomationFramework.Common.Logger - 期望用户名: eziotest, 实际用户名: eziotest 
2025-06-21 23:01:21.0495 INFO UIAutomationFramework.Common.Logger - 正在截图: home-page 
2025-06-21 23:01:21.1376 INFO UIAutomationFramework.Common.Logger - 截图已保存到: C:\Users\ADMIN\source\repos\UIAutomationFramework\UIAutomationFramework\bin\Debug\net8.0\Screenshots\home-page_20250621_230121.png 
2025-06-21 23:01:21.1376 INFO UIAutomationFramework.Common.Logger - 步骤2: 开始搜索并添加商品到购物车 
2025-06-21 23:01:21.1376 INFO UIAutomationFramework.Common.Logger - 处理商品: HP ZBOOK 17 G2 MOBILE WORKSTATION, 数量: 2, 颜色: gray 
2025-06-21 23:01:21.1376 INFO UIAutomationFramework.Common.Logger - 开始搜索商品: HP ZBOOK 17 G2 MOBILE WORKSTATION 
2025-06-21 23:01:25.7669 INFO UIAutomationFramework.Common.Logger - 加载器已消失 
2025-06-21 23:01:25.8088 INFO UIAutomationFramework.Common.Logger - 加载器已消失 
2025-06-21 23:01:25.8434 INFO UIAutomationFramework.Common.Logger - 加载器已消失 
2025-06-21 23:01:25.9256 INFO UIAutomationFramework.Common.Logger - 已提交搜索: HP ZBOOK 17 G2 MOBILE WORKSTATION 
2025-06-21 23:01:25.9256 INFO UIAutomationFramework.Common.Logger - 检查搜索结果 
2025-06-21 23:01:25.9371 INFO UIAutomationFramework.Common.Logger - 加载器已消失 
2025-06-21 23:01:44.4045 INFO UIAutomationFramework.Common.Logger - 期望商品: HP ZBOOK 17 G2 MOBILE WORKSTATION, 实际结果: HP ZBOOK 17 G2 MOBILE WORKSTATION, 匹配: True 
2025-06-21 23:01:44.4045 INFO UIAutomationFramework.Common.Logger - 正在截图: search-results-hp-zbook-17-g2-mobile-workstation 
2025-06-21 23:01:44.6481 INFO UIAutomationFramework.Common.Logger - 截图已保存到: C:\Users\ADMIN\source\repos\UIAutomationFramework\UIAutomationFramework\bin\Debug\net8.0\Screenshots\search-results-hp-zbook-17-g2-mobile-workstation_20250621_230144.png 
2025-06-21 23:01:44.6481 INFO UIAutomationFramework.Common.Logger - 点击进入第一个搜索结果商品 
2025-06-21 23:01:44.6586 INFO UIAutomationFramework.Common.Logger - 加载器已消失 
2025-06-21 23:01:44.7073 INFO UIAutomationFramework.Common.Logger - 已点击商品，跳转到商品详情页 
2025-06-21 23:01:44.7073 INFO UIAutomationFramework.Common.Logger - 检查商品详情页是否加载成功 
2025-06-21 23:01:44.7229 INFO UIAutomationFramework.Common.Logger - 加载器已消失 
2025-06-21 23:02:03.5803 INFO UIAutomationFramework.Common.Logger - 商品详情页加载状态: 成功 
2025-06-21 23:02:03.5803 INFO UIAutomationFramework.Common.Logger - 正在截图: product-page-hp-zbook-17-g2-mobile-workstation 
2025-06-21 23:02:03.7473 INFO UIAutomationFramework.Common.Logger - 截图已保存到: C:\Users\ADMIN\source\repos\UIAutomationFramework\UIAutomationFramework\bin\Debug\net8.0\Screenshots\product-page-hp-zbook-17-g2-mobile-workstation_20250621_230203.png 
2025-06-21 23:02:03.7473 INFO UIAutomationFramework.Common.Logger - 开始添加商品到购物车 - 颜色: gray, 数量: 2 
2025-06-21 23:02:03.7473 INFO UIAutomationFramework.Common.Logger - 选择颜色: gray 
2025-06-21 23:02:04.2694 INFO UIAutomationFramework.Common.Logger - 加载器已消失 
2025-06-21 23:02:04.3026 INFO UIAutomationFramework.Common.Logger - 已选择颜色: gray 
2025-06-21 23:02:04.3026 INFO UIAutomationFramework.Common.Logger - 设置商品数量: 2 
2025-06-21 23:02:04.3117 INFO UIAutomationFramework.Common.Logger - 加载器已消失 
2025-06-21 23:02:04.3729 INFO UIAutomationFramework.Common.Logger - 已设置商品数量: 2 
2025-06-21 23:02:04.3729 INFO UIAutomationFramework.Common.Logger - 加载器已消失 
2025-06-21 23:02:04.4165 INFO UIAutomationFramework.Common.Logger - 已点击添加到购物车按钮 
2025-06-21 23:02:04.4165 INFO UIAutomationFramework.Common.Logger - 检查商品是否成功添加到购物车 
2025-06-21 23:02:04.4258 INFO UIAutomationFramework.Common.Logger - 加载器已消失 
2025-06-21 23:02:18.3012 INFO UIAutomationFramework.Common.Logger - 添加到购物车状态: 成功 
2025-06-21 23:02:18.3012 INFO UIAutomationFramework.Common.Logger - 添加商品到购物车结果: 成功 
2025-06-21 23:02:18.3012 INFO UIAutomationFramework.Common.Logger - 正在截图: add-to-cart-success-hp-zbook-17-g2-mobile-workstation 
2025-06-21 23:02:18.4080 INFO UIAutomationFramework.Common.Logger - 截图已保存到: C:\Users\ADMIN\source\repos\UIAutomationFramework\UIAutomationFramework\bin\Debug\net8.0\Screenshots\add-to-cart-success-hp-zbook-17-g2-mobile-workstation_20250621_230218.png 
2025-06-21 23:02:18.4080 INFO UIAutomationFramework.Common.Logger - 处理商品: HP Z8000 BLUETOOTH MOUSE, 数量: 1, 颜色: Black 
2025-06-21 23:02:18.4080 INFO UIAutomationFramework.Common.Logger - 开始搜索商品: HP Z8000 BLUETOOTH MOUSE 
2025-06-21 23:02:18.4080 INFO UIAutomationFramework.Common.Logger - 加载器已消失 
2025-06-21 23:02:18.4604 INFO UIAutomationFramework.Common.Logger - 加载器已消失 
2025-06-21 23:02:18.4885 INFO UIAutomationFramework.Common.Logger - 加载器已消失 
2025-06-21 23:02:18.5619 INFO UIAutomationFramework.Common.Logger - 已提交搜索: HP Z8000 BLUETOOTH MOUSE 
2025-06-21 23:02:18.5619 INFO UIAutomationFramework.Common.Logger - 检查搜索结果 
2025-06-21 23:02:18.5619 INFO UIAutomationFramework.Common.Logger - 加载器已消失 
2025-06-21 23:02:18.5834 INFO UIAutomationFramework.Common.Logger - 期望商品: HP Z8000 BLUETOOTH MOUSE, 实际结果: $17,990.00, 匹配: False 
2025-06-21 23:02:18.5937 INFO UIAutomationFramework.Common.Logger - 测试未通过: Search_Multiple_Products_Test, 结果: Failed 
2025-06-21 23:02:18.5937 INFO UIAutomationFramework.Common.Logger - 正在截图: failure-screenshot 
2025-06-21 23:02:18.7055 INFO UIAutomationFramework.Common.Logger - 截图已保存到: C:\Users\ADMIN\source\repos\UIAutomationFramework\UIAutomationFramework\bin\Debug\net8.0\Screenshots\failure-screenshot_20250621_230218.png 
2025-06-21 23:02:18.7055 INFO UIAutomationFramework.Common.Logger - 关闭浏览器驱动 
